<?xml version="1.0" encoding="UTF-8"?>
<testng-results ignored="0" total="2" passed="2" failed="0" skipped="0">
  <reporter-output>
  </reporter-output>
  <suite started-at="2024-09-17T14:24:57 EET" name="Master Suite" finished-at="2024-09-17T14:25:12 EET" duration-ms="15102">
    <groups>
      <group name="regression">
        <method signature="TC001_RegistrationPageTest.registrationPageTest()[pri:0, instance:testCases.TC001_RegistrationPageTest@acdb094]" name="registrationPageTest" class="testCases.TC001_RegistrationPageTest"/>
      </group> <!-- regression -->
      <group name="sanity">
        <method signature="TC002_LoginPageTest.loginTest()[pri:0, instance:testCases.TC002_LoginPageTest@424ebba3]" name="loginTest" class="testCases.TC002_LoginPageTest"/>
      </group> <!-- sanity -->
      <group name="master">
        <method signature="TC001_RegistrationPageTest.registrationPageTest()[pri:0, instance:testCases.TC001_RegistrationPageTest@acdb094]" name="registrationPageTest" class="testCases.TC001_RegistrationPageTest"/>
        <method signature="TC002_LoginPageTest.loginTest()[pri:0, instance:testCases.TC002_LoginPageTest@424ebba3]" name="loginTest" class="testCases.TC002_LoginPageTest"/>
      </group> <!-- master -->
    </groups>
    <test started-at="2024-09-17T14:24:57 EET" name="Test" finished-at="2024-09-17T14:25:12 EET" duration-ms="15102">
      <class name="testCases.TC001_RegistrationPageTest">
        <test-method is-config="true" signature="setUp(java.lang.String,java.lang.String)[pri:0, instance:testCases.TC001_RegistrationPageTest@acdb094]" started-at="2024-09-17T14:24:57 EET" name="setUp" finished-at="2024-09-17T14:25:03 EET" duration-ms="5896" status="PASS">
          <params>
            <param index="0">
              <value>
                <![CDATA[Windows]]>
              </value>
            </param>
            <param index="1">
              <value>
                <![CDATA[chrome]]>
              </value>
            </param>
          </params>
          <reporter-output>
          </reporter-output>
        </test-method> <!-- setUp -->
        <test-method signature="registrationPageTest()[pri:0, instance:testCases.TC001_RegistrationPageTest@acdb094]" started-at="2024-09-17T14:25:03 EET" name="registrationPageTest" finished-at="2024-09-17T14:25:06 EET" duration-ms="2931" status="PASS">
          <reporter-output>
          </reporter-output>
        </test-method> <!-- registrationPageTest -->
        <test-method is-config="true" signature="tearDown()[pri:0, instance:testCases.TC001_RegistrationPageTest@acdb094]" started-at="2024-09-17T14:25:06 EET" name="tearDown" finished-at="2024-09-17T14:25:06 EET" duration-ms="301" status="PASS">
          <reporter-output>
          </reporter-output>
        </test-method> <!-- tearDown -->
      </class> <!-- testCases.TC001_RegistrationPageTest -->
      <class name="testCases.TC002_LoginPageTest">
        <test-method is-config="true" signature="setUp(java.lang.String,java.lang.String)[pri:0, instance:testCases.TC002_LoginPageTest@424ebba3]" started-at="2024-09-17T14:25:06 EET" name="setUp" finished-at="2024-09-17T14:25:10 EET" duration-ms="3428" status="PASS">
          <params>
            <param index="0">
              <value>
                <![CDATA[Windows]]>
              </value>
            </param>
            <param index="1">
              <value>
                <![CDATA[chrome]]>
              </value>
            </param>
          </params>
          <reporter-output>
          </reporter-output>
        </test-method> <!-- setUp -->
        <test-method signature="loginTest()[pri:0, instance:testCases.TC002_LoginPageTest@424ebba3]" started-at="2024-09-17T14:25:10 EET" name="loginTest" finished-at="2024-09-17T14:25:12 EET" duration-ms="1785" status="PASS">
          <reporter-output>
          </reporter-output>
        </test-method> <!-- loginTest -->
        <test-method is-config="true" signature="tearDown()[pri:0, instance:testCases.TC002_LoginPageTest@424ebba3]" started-at="2024-09-17T14:25:12 EET" name="tearDown" finished-at="2024-09-17T14:25:12 EET" duration-ms="248" status="PASS">
          <reporter-output>
          </reporter-output>
        </test-method> <!-- tearDown -->
      </class> <!-- testCases.TC002_LoginPageTest -->
    </test> <!-- Test -->
  </suite> <!-- Master Suite -->
</testng-results>
